2026-04-22 16:18:35 - config - INFO - Dispatcher настроен и готов к работе
2026-04-22 16:18:57 - config - INFO - Dispatcher настроен и готов к работе
2026-04-22 16:19:31 - config - INFO - Dispatcher настроен и готов к работе
2026-04-22 16:20:13 - config - INFO - Dispatcher настроен и готов к работе
2026-04-22 16:20:52 - config - INFO - Dispatcher настроен и готов к работе
2026-04-22 19:32:27 - config - INFO - Dispatcher настроен и готов к работе
2026-04-22 19:32:50 - config - INFO - Dispatcher настроен и готов к работе
2026-04-22 19:35:10 - config - INFO - Dispatcher настроен и готов к работе
2026-04-22 19:41:19 - config - INFO - Dispatcher настроен и готов к работе
2026-04-22 19:43:36 - config - INFO - Dispatcher настроен и готов к работе
2026-04-22 19:44:37 - config - INFO - Dispatcher настроен и готов к работе
2026-04-22 19:45:24 - config - INFO - Dispatcher настроен и готов к работе
2026-04-22 19:46:04 - config - INFO - Dispatcher настроен и готов к работе
2026-04-22 20:23:15 - config - INFO - Dispatcher настроен и готов к работе
2026-04-22 20:23:15 - config - INFO - Запуск polling...
2026-04-22 20:23:15 - config - INFO - Бот запускается...
2026-04-22 20:23:15 - config - INFO - База данных успешно инициализирована
2026-04-22 20:23:15 - config - INFO - ADMIN_ID: настроен
2026-04-22 20:23:15 - config - INFO - Бот успешно запущен!
2026-04-22 20:24:57 - config - INFO - Бот останавливается...
2026-04-22 20:24:58 - config - INFO - Сессия бота закрыта
2026-04-22 20:24:58 - config - INFO - Бот остановлен пользователем
2026-04-22 20:25:10 - config - INFO - Dispatcher настроен и готов к работе
2026-04-22 20:25:10 - config - INFO - Запуск polling...
2026-04-22 20:25:10 - config - INFO - Бот запускается...
2026-04-22 20:25:10 - config - INFO - База данных успешно инициализирована
2026-04-22 20:25:10 - config - INFO - ADMIN_ID: настроен
2026-04-22 20:25:10 - config - INFO - Бот успешно запущен!
2026-04-22 20:25:49 - config - INFO - Админ-панель открыта пользователем 990741762
2026-04-22 20:46:05 - config - INFO - Бот останавливается...
2026-04-22 20:46:05 - config - INFO - Сессия бота закрыта
2026-04-22 20:46:05 - config - INFO - Бот остановлен пользователем
2026-04-22 20:46:13 - config - INFO - Dispatcher настроен и готов к работе
2026-04-22 20:46:13 - config - INFO - Запуск polling...
2026-04-22 20:46:13 - config - INFO - Бот запускается...
2026-04-22 20:46:14 - config - INFO - База данных успешно инициализирована
2026-04-22 20:46:14 - config - INFO - ADMIN_ID: настроен
2026-04-22 20:46:14 - config - INFO - Бот успешно запущен!
2026-04-22 21:07:28 - config - INFO - Dispatcher настроен и готов к работе
2026-04-22 21:07:28 - config - INFO - Запуск polling...
2026-04-22 21:07:28 - config - INFO - Бот запускается...
2026-04-22 21:07:28 - config - INFO - База данных успешно инициализирована
2026-04-22 21:07:28 - config - INFO - ADMIN_ID: настроен
2026-04-22 21:07:28 - config - INFO - Бот успешно запущен!
2026-04-22 21:13:58 - config - INFO - Бот останавливается...
2026-04-22 21:13:58 - config - INFO - Сессия бота закрыта
2026-04-22 21:13:58 - config - INFO - Бот остановлен пользователем
